<?xml version="1.0" encoding="UTF-8"?>
<!-- Generated by org.testng.reporters.JUnitXMLReporter -->
<testsuite ignored="0" hostname="EPBYMINW2331" failures="1" tests="1" name="Surefire test" time="37.12" errors="0" timestamp="2021-08-06T09:31:07 MSK">
  <testcase classname="test.UsingPricingCalculatorTest" name="testTotalMonthlyCostDisplayedCorrectlyInEmail" time="33.307">
    <failure type="java.lang.AssertionError" message="Estimate Cost from email not equals to calculator expected [null] but found [USD 978.37]">
      <![CDATA[java.lang.AssertionError: Estimate Cost from email not equals to calculator expected [null] but found [USD 978.37]
at test.UsingPricingCalculatorTest.testTotalMonthlyCostDisplayedCorrectlyInEmail(UsingPricingCalculatorTest.java:36)
at java.base/java.util.ArrayList.forEach(ArrayList.java:1541)
... Removed 37 stack frames]]>
    </failure>
  </testcase> <!-- testTotalMonthlyCostDisplayedCorrectlyInEmail -->
</testsuite> <!-- Surefire test -->
